<?xml version="1.0" encoding="UTF-8"?>
<testsuites name="Sort_Test" time="181.443" tests="2" failures="0" errors="0">
   <testsuite name="Sort_Test" tests="2" failures="0" errors="0" time="181.443" skipped="0" timestamp="25-01-2024T13:48:25" hostname="Win11 - Arnab-er" id="Test Suites/Sort_Test">
      <properties>
         <property name="deviceName" value=""/>
         <property name="devicePlatform" value=""/>
         <property name="logFolder" value="C:\\Users\\Win11\\git\\katalon_amazon_testing\\Reports\\20240125_134820\\Sort_Test\\20240125_134820"/>
         <property name="logFiles" value="C:\\Users\\Win11\\git\\katalon_amazon_testing\\Reports\\20240125_134820\\Sort_Test\\20240125_134820\\execution0.log"/>
         <property name="attachments" value="C:\\Users\\Win11\\git\\katalon_amazon_testing\\Reports\\20240125_134820\\Sort_Test\\20240125_134820\\1706170751846.png, C:\\Users\\Win11\\git\\katalon_amazon_testing\\Reports\\20240125_134820\\Sort_Test\\20240125_134820\\1706170826025.png"/>
         <property name="hostName" value="Win11 - Arnab-er"/>
         <property name="os" value="Windows 11 64bit"/>
         <property name="katalonVersion" value="9.1.0.212"/>
         <property name="browser" value="Chrome 120.0.0.0"/>
         <property name="hostAddress" value="192.168.208.7"/>
         <property name="sessionId" value="1f2bdce9166f2e752efed61ed55bb0ba"/>
         <property name="seleniumVersion" value="3.141.59"/>
         <property name="proxyInformation" value="ProxyInformation { proxyOption=NO_PROXY, proxyServerType=HTTP, username=, password=********, proxyServerAddress=, proxyServerPort=0, executionList=&quot;&quot;, isApplyToDesiredCapabilities=true }"/>
         <property name="platform" value="Windows 11"/>
      </properties>
      <testcase name="Test Cases/TC_Amazon_Home_005.1" time="36.257" classname="Test Cases/TC_Amazon_Home_005.1" status="PASSED">
         <system-out><![CDATA[25-01-2024T13:49:12 - [TEST_CASE][PASSED] - Test Cases/TC_Amazon_Home_005.1: Test Cases/TC_Amazon_Home_005.1

25-01-2024T13:49:12 - [TEST_STEP][PASSED] - openBrowser(""): Browser is opened with url: ''

25-01-2024T13:49:12 - [MESSAGE][WARNING] - A browser is already opened. Closing browser and opening a new one

25-01-2024T13:49:12 - [MESSAGE][INFO] - Starting 'Chrome' driver

25-01-2024T13:49:12 - [MESSAGE][INFO] - Action delay is set to 0 milliseconds

25-01-2024T13:49:13 - [MESSAGE][PASSED] - Browser is opened with url: ''

25-01-2024T13:49:13 - [TEST_STEP][PASSED] - navigateToUrl("https://www.amazon.in/"): Navigate to 'https://www.amazon.in/' successfully

25-01-2024T13:49:13 - [MESSAGE][PASSED] - Navigate to 'https://www.amazon.in/' successfully

25-01-2024T13:49:13 - [TEST_STEP][PASSED] - click(findTestObject("Object Repository/Sort_Test/Page_Online Shopping site in India Shop Onl_10c5f3/span_Sign in")): Object: 'Object Repository/Sort_Test/Page_Online Shopping site in India Shop Onl_10c5f3/span_Sign in' is clicked on

25-01-2024T13:49:18 - [MESSAGE][PASSED] - Object: 'Object Repository/Sort_Test/Page_Online Shopping site in India Shop Onl_10c5f3/span_Sign in' is clicked on

25-01-2024T13:49:18 - [TEST_STEP][PASSED] - setText(findTestObject("Object Repository/Sort_Test/Page_Amazon Sign In/input_email"), "9798810632"): Text '9798810632' is set on object 'Object Repository/Sort_Test/Page_Amazon Sign In/input_email'

25-01-2024T13:49:20 - [MESSAGE][PASSED] - Text '9798810632' is set on object 'Object Repository/Sort_Test/Page_Amazon Sign In/input_email'

25-01-2024T13:49:20 - [TEST_STEP][PASSED] - click(findTestObject("Object Repository/Sort_Test/Page_Amazon Sign In/inputcontinue")): Object: 'Object Repository/Sort_Test/Page_Amazon Sign In/inputcontinue' is clicked on

25-01-2024T13:49:22 - [MESSAGE][PASSED] - Object: 'Object Repository/Sort_Test/Page_Amazon Sign In/inputcontinue' is clicked on

25-01-2024T13:49:22 - [TEST_STEP][PASSED] - setEncryptedText(findTestObject("Object Repository/Sort_Test/Page_Amazon Sign In/input_password"), "9N/NeoNUwAmOpqY2L/5HEg=="): Text ****** has been set on object 'Object Repository/Sort_Test/Page_Amazon Sign In/input_password'

25-01-2024T13:49:23 - [MESSAGE][PASSED] - Text ****** has been set on object 'Object Repository/Sort_Test/Page_Amazon Sign In/input_password'

25-01-2024T13:49:23 - [TEST_STEP][PASSED] - click(findTestObject("Object Repository/Sort_Test/Page_Amazon Sign In/inputsignInSubmit")): Object: 'Object Repository/Sort_Test/Page_Amazon Sign In/inputsignInSubmit' is clicked on

25-01-2024T13:49:23 - [MESSAGE][PASSED] - Object: 'Object Repository/Sort_Test/Page_Amazon Sign In/inputsignInSubmit' is clicked on

25-01-2024T13:49:23 - [TEST_STEP][PASSED] - setText(findTestObject("Object Repository/Sort_Test/Page_Online Shopping site in India Shop Onl_10c5f3/input_field-keywords"), "mobile phones"): Text 'mobile phones' is set on object 'Object Repository/Sort_Test/Page_Online Shopping site in India Shop Onl_10c5f3/input_field-keywords'

25-01-2024T13:49:35 - [MESSAGE][PASSED] - Text 'mobile phones' is set on object 'Object Repository/Sort_Test/Page_Online Shopping site in India Shop Onl_10c5f3/input_field-keywords'

25-01-2024T13:49:35 - [TEST_STEP][PASSED] - click(findTestObject("Object Repository/Sort_Test/Page_Online Shopping site in India Shop Onl_10c5f3/inputnav-search-submit-button")): Object: 'Object Repository/Sort_Test/Page_Online Shopping site in India Shop Onl_10c5f3/inputnav-search-submit-button' is clicked on

25-01-2024T13:49:44 - [MESSAGE][PASSED] - Object: 'Object Repository/Sort_Test/Page_Online Shopping site in India Shop Onl_10c5f3/inputnav-search-submit-button' is clicked on

25-01-2024T13:49:44 - [TEST_STEP][PASSED] - click(findTestObject("Object Repository/Sort_Test/Page_Amazon.in  mobile phones/span_Sort byFeatured")): Object: 'Object Repository/Sort_Test/Page_Amazon.in  mobile phones/span_Sort byFeatured' is clicked on

25-01-2024T13:49:45 - [MESSAGE][PASSED] - Object: 'Object Repository/Sort_Test/Page_Amazon.in  mobile phones/span_Sort byFeatured' is clicked on

25-01-2024T13:49:45 - [TEST_STEP][PASSED] - click(findTestObject("Object Repository/Sort_Test/Page_Amazon.in  mobile phones/a_Price Low to High")): Object: 'Object Repository/Sort_Test/Page_Amazon.in  mobile phones/a_Price Low to High' is clicked on

25-01-2024T13:49:46 - [MESSAGE][PASSED] - Object: 'Object Repository/Sort_Test/Page_Amazon.in  mobile phones/a_Price Low to High' is clicked on

25-01-2024T13:49:46 - [TEST_STEP][PASSED] - click(findTestObject("Object Repository/Sort_Test/Page_Amazon.in Mobile Phones/span_Results")): Object: 'Object Repository/Sort_Test/Page_Amazon.in Mobile Phones/span_Results' is clicked on

25-01-2024T13:49:48 - [MESSAGE][PASSED] - Object: 'Object Repository/Sort_Test/Page_Amazon.in Mobile Phones/span_Results' is clicked on

25-01-2024T13:49:48 - [TEST_STEP][PASSED] - closeBrowser(): Browser is closed

25-01-2024T13:49:48 - [MESSAGE][PASSED] - Browser is closed]]></system-out>
         <system-err><![CDATA[]]></system-err>
      </testcase>
      <testcase name="Test Cases/TC_Amazon_Home_005.2" time="60.909" classname="Test Cases/TC_Amazon_Home_005.2" status="PASSED">
         <system-out><![CDATA[25-01-2024T13:50:26 - [TEST_CASE][PASSED] - Test Cases/TC_Amazon_Home_005.2: Test Cases/TC_Amazon_Home_005.2

25-01-2024T13:50:26 - [TEST_STEP][PASSED] - openBrowser(""): Browser is opened with url: ''

25-01-2024T13:50:26 - [MESSAGE][WARNING] - A browser is already opened. Closing browser and opening a new one

25-01-2024T13:50:26 - [MESSAGE][INFO] - Starting 'Chrome' driver

25-01-2024T13:50:26 - [MESSAGE][INFO] - Action delay is set to 0 milliseconds

25-01-2024T13:50:27 - [MESSAGE][PASSED] - Browser is opened with url: ''

25-01-2024T13:50:27 - [TEST_STEP][PASSED] - navigateToUrl("https://www.amazon.in/"): Navigate to 'https://www.amazon.in/' successfully

25-01-2024T13:50:29 - [MESSAGE][PASSED] - Navigate to 'https://www.amazon.in/' successfully

25-01-2024T13:50:29 - [TEST_STEP][PASSED] - click(findTestObject("Object Repository/Sort_Test/Page_Online Shopping site in India Shop Onl_10c5f3 (1)/span_Sign in")): Object: 'Object Repository/Sort_Test/Page_Online Shopping site in India Shop Onl_10c5f3 (1)/span_Sign in' is clicked on

25-01-2024T13:50:31 - [MESSAGE][PASSED] - Object: 'Object Repository/Sort_Test/Page_Online Shopping site in India Shop Onl_10c5f3 (1)/span_Sign in' is clicked on

25-01-2024T13:50:31 - [TEST_STEP][PASSED] - setText(findTestObject("Object Repository/Sort_Test/sort1/Page_Amazon Sign In/input_email"), "9798810632"): Text '9798810632' is set on object 'Object Repository/Sort_Test/sort1/Page_Amazon Sign In/input_email'

25-01-2024T13:50:33 - [MESSAGE][PASSED] - Text '9798810632' is set on object 'Object Repository/Sort_Test/sort1/Page_Amazon Sign In/input_email'

25-01-2024T13:50:33 - [TEST_STEP][PASSED] - click(findTestObject("Object Repository/Sort_Test/sort1/Page_Amazon Sign In/inputcontinue")): Object: 'Object Repository/Sort_Test/sort1/Page_Amazon Sign In/inputcontinue' is clicked on

25-01-2024T13:50:34 - [MESSAGE][PASSED] - Object: 'Object Repository/Sort_Test/sort1/Page_Amazon Sign In/inputcontinue' is clicked on

25-01-2024T13:50:34 - [TEST_STEP][PASSED] - setEncryptedText(findTestObject("Object Repository/Sort_Test/sort1/Page_Amazon Sign In/input_password"), "9N/NeoNUwAmOpqY2L/5HEg=="): Text ****** has been set on object 'Object Repository/Sort_Test/sort1/Page_Amazon Sign In/input_password'

25-01-2024T13:50:35 - [MESSAGE][PASSED] - Text ****** has been set on object 'Object Repository/Sort_Test/sort1/Page_Amazon Sign In/input_password'

25-01-2024T13:50:35 - [TEST_STEP][PASSED] - click(findTestObject("Object Repository/Sort_Test/sort1/Page_Amazon Sign In/inputsignInSubmit")): Object: 'Object Repository/Sort_Test/sort1/Page_Amazon Sign In/inputsignInSubmit' is clicked on

25-01-2024T13:50:36 - [MESSAGE][PASSED] - Object: 'Object Repository/Sort_Test/sort1/Page_Amazon Sign In/inputsignInSubmit' is clicked on

25-01-2024T13:50:36 - [TEST_STEP][PASSED] - setText(findTestObject("Object Repository/Sort_Test/Page_Online Shopping site in India Shop Onl_10c5f3 (1)/input_field-keywords"), "watches"): Text 'watches' is set on object 'Object Repository/Sort_Test/Page_Online Shopping site in India Shop Onl_10c5f3 (1)/input_field-keywords'

25-01-2024T13:50:45 - [MESSAGE][PASSED] - Text 'watches' is set on object 'Object Repository/Sort_Test/Page_Online Shopping site in India Shop Onl_10c5f3 (1)/input_field-keywords'

25-01-2024T13:50:45 - [TEST_STEP][PASSED] - click(findTestObject("Object Repository/Sort_Test/Page_Online Shopping site in India Shop Onl_10c5f3 (1)/input_field-keywords")): Object: 'Object Repository/Sort_Test/Page_Online Shopping site in India Shop Onl_10c5f3 (1)/input_field-keywords' is clicked on

25-01-2024T13:50:46 - [MESSAGE][PASSED] - Object: 'Object Repository/Sort_Test/Page_Online Shopping site in India Shop Onl_10c5f3 (1)/input_field-keywords' is clicked on

25-01-2024T13:50:46 - [TEST_STEP][PASSED] - click(findTestObject("Object Repository/Sort_Test/Page_Online Shopping site in India Shop Onl_10c5f3 (1)/div_watches for men")): Object: 'Object Repository/Sort_Test/Page_Online Shopping site in India Shop Onl_10c5f3 (1)/div_watches for men' is clicked on

25-01-2024T13:50:52 - [MESSAGE][PASSED] - Object: 'Object Repository/Sort_Test/Page_Online Shopping site in India Shop Onl_10c5f3 (1)/div_watches for men' is clicked on

25-01-2024T13:50:52 - [TEST_STEP][PASSED] - click(findTestObject("Object Repository/Sort_Test/sort1/Page_Amazon.in  watches for men/span_Sort by")): Object: 'Object Repository/Sort_Test/sort1/Page_Amazon.in  watches for men/span_Sort by' is clicked on

25-01-2024T13:50:53 - [MESSAGE][PASSED] - Object: 'Object Repository/Sort_Test/sort1/Page_Amazon.in  watches for men/span_Sort by' is clicked on

25-01-2024T13:50:53 - [TEST_STEP][PASSED] - click(findTestObject("Object Repository/Sort_Test/sort1/Page_Amazon.in  watches for men/a_Newest Arrivals")): Object: 'Object Repository/Sort_Test/sort1/Page_Amazon.in  watches for men/a_Newest Arrivals' is clicked on

25-01-2024T13:50:55 - [MESSAGE][PASSED] - Object: 'Object Repository/Sort_Test/sort1/Page_Amazon.in  watches for men/a_Newest Arrivals' is clicked on

25-01-2024T13:50:55 - [TEST_STEP][PASSED] - click(findTestObject("Object Repository/Sort_Test/Page_Amazon.in Watches For Men/img__bGlmZ_image_1pfbQ")): Object: 'Object Repository/Sort_Test/Page_Amazon.in Watches For Men/img__bGlmZ_image_1pfbQ' is clicked on

25-01-2024T13:51:26 - [MESSAGE][INFO] - Unable to find the element located by 'By.xpath: //div[@id='CardInstance5N2Wa3IxU3DJlulJU3wc0A']/div/div/div/div/div/a/div/img'. Please recheck the objects properties to make sure the desired element is located. 

25-01-2024T13:51:26 - [MESSAGE][WARNING] - [SELF-HEALING] Failed to find element with id 'Object Repository/Sort_Test/Page_Amazon.in Watches For Men/img__bGlmZ_image_1pfbQ'. Try using Self-healing.

25-01-2024T13:51:26 - [MESSAGE][WARNING] - [SELF-HEALING] The current locator of test object 'Object Repository/Sort_Test/Page_Amazon.in Watches For Men/img__bGlmZ_image_1pfbQ' was broken. Propose an alternative one: '//img[contains(@src,'https://m.media-amazon.com/images/S/al-eu-726f4d26-7fdb/0384ab9c-1a1c-4769-b6f4-936c9538a65a._CR0,0,2500,525_AC_SX130_SY60_QL70_.png')]'.

25-01-2024T13:51:26 - [MESSAGE][PASSED] - Object: 'Object Repository/Sort_Test/Page_Amazon.in Watches For Men/img__bGlmZ_image_1pfbQ' is clicked on

25-01-2024T13:51:26 - [TEST_STEP][PASSED] - closeBrowser(): Browser is closed

25-01-2024T13:51:27 - [MESSAGE][PASSED] - Browser is closed]]></system-out>
         <system-err><![CDATA[]]></system-err>
      </testcase>
      <system-out><![CDATA[25-01-2024T13:48:25 - [TEST_SUITE][FAILED] - Sort_Test: Test Cases/TC_Amazon_Home_005.1 FAILED.
Reason:
com.kms.katalon.core.exception.StepFailedException: Unable to set text 'mobile phones' of object 'Object Repository/Sort_Test/Page_Online Shopping site in India Shop Onl_10c5f3/input_field-keywords'
	at com.kms.katalon.core.webui.keyword.internal.WebUIKeywordMain.stepFailed(WebUIKeywordMain.groovy:64)
	at com.kms.katalon.core.webui.keyword.internal.WebUIKeywordMain.runKeyword(WebUIKeywordMain.groovy:26)
	at com.kms.katalon.core.webui.keyword.builtin.SetTextKeyword.setText(SetTextKeyword.groovy:66)
	at com.kms.katalon.core.webui.keyword.builtin.SetTextKeyword.execute(SetTextKeyword.groovy:37)
	at com.kms.katalon.core.keyword.internal.KeywordExecutor.executeKeywordForPlatform(KeywordExecutor.groovy:74)
	at com.kms.katalon.core.webui.keyword.WebUiBuiltInKeywords.setText(WebUiBuiltInKeywords.groovy:1019)
	at TC_Amazon_Home_005.1.run(TC_Amazon_Home_005.1:34)
	at com.kms.katalon.core.main.ScriptEngine.run(ScriptEngine.java:194)
	at com.kms.katalon.core.main.ScriptEngine.runScriptAsRawText(ScriptEngine.java:119)
	at com.kms.katalon.core.main.TestCaseExecutor.runScript(TestCaseExecutor.java:448)
	at com.kms.katalon.core.main.TestCaseExecutor.doExecute(TestCaseExecutor.java:439)
	at com.kms.katalon.core.main.TestCaseExecutor.processExecutionPhase(TestCaseExecutor.java:418)
	at com.kms.katalon.core.main.TestCaseExecutor.accessMainPhase(TestCaseExecutor.java:410)
	at com.kms.katalon.core.main.TestCaseExecutor.execute(TestCaseExecutor.java:285)
	at com.kms.katalon.core.common.CommonExecutor.accessTestCaseMainPhase(CommonExecutor.java:65)
	at com.kms.katalon.core.main.TestSuiteExecutor.accessTestSuiteMainPhase(TestSuiteExecutor.java:148)
	at com.kms.katalon.core.main.TestSuiteExecutor.execute(TestSuiteExecutor.java:106)
	at com.kms.katalon.core.main.TestCaseMain.startTestSuite(TestCaseMain.java:180)
	at TempTestSuite1706170700561.run(TempTestSuite1706170700561.groovy:36)
	at java.base/jdk.internal.reflect.NativeMethodAccessorImpl.invoke0(Native Method)
	at java.base/jdk.internal.reflect.NativeMethodAccessorImpl.invoke(NativeMethodAccessorImpl.java:77)
	at java.base/jdk.internal.reflect.DelegatingMethodAccessorImpl.invoke(DelegatingMethodAccessorImpl.java:43)
Caused by: com.kms.katalon.core.webui.exception.WebElementNotFoundException: Web element with id: 'Object Repository/Sort_Test/Page_Online Shopping site in India Shop Onl_10c5f3/input_field-keywords' located by '//input[@id='twotabsearchtextbox']' not found
	at com.kms.katalon.core.webui.common.WebUiCommonHelper.findWebElement(WebUiCommonHelper.java:1379)
	at com.kms.katalon.core.webui.keyword.internal.WebUIAbstractKeyword.findWebElement(WebUIAbstractKeyword.groovy:27)
	at com.kms.katalon.core.webui.keyword.internal.WebUIAbstractKeyword.findWebElement(WebUIAbstractKeyword.groovy:26)
	at com.kms.katalon.core.webui.keyword.builtin.SetTextKeyword$_setText_closure1.doCall(SetTextKeyword.groovy:51)
	at com.kms.katalon.core.webui.keyword.builtin.SetTextKeyword$_setText_closure1.call(SetTextKeyword.groovy)
	at com.kms.katalon.core.webui.keyword.internal.WebUIKeywordMain.runKeyword(WebUIKeywordMain.groovy:20)
	... 20 more]]></system-out>
      <system-err><![CDATA[25-01-2024T13:48:25 - [TEST_SUITE][FAILED] - Sort_Test: Test Cases/TC_Amazon_Home_005.1 FAILED.
Reason:
com.kms.katalon.core.exception.StepFailedException: Unable to set text 'mobile phones' of object 'Object Repository/Sort_Test/Page_Online Shopping site in India Shop Onl_10c5f3/input_field-keywords'
	at com.kms.katalon.core.webui.keyword.internal.WebUIKeywordMain.stepFailed(WebUIKeywordMain.groovy:64)
	at com.kms.katalon.core.webui.keyword.internal.WebUIKeywordMain.runKeyword(WebUIKeywordMain.groovy:26)
	at com.kms.katalon.core.webui.keyword.builtin.SetTextKeyword.setText(SetTextKeyword.groovy:66)
	at com.kms.katalon.core.webui.keyword.builtin.SetTextKeyword.execute(SetTextKeyword.groovy:37)
	at com.kms.katalon.core.keyword.internal.KeywordExecutor.executeKeywordForPlatform(KeywordExecutor.groovy:74)
	at com.kms.katalon.core.webui.keyword.WebUiBuiltInKeywords.setText(WebUiBuiltInKeywords.groovy:1019)
	at TC_Amazon_Home_005.1.run(TC_Amazon_Home_005.1:34)
	at com.kms.katalon.core.main.ScriptEngine.run(ScriptEngine.java:194)
	at com.kms.katalon.core.main.ScriptEngine.runScriptAsRawText(ScriptEngine.java:119)
	at com.kms.katalon.core.main.TestCaseExecutor.runScript(TestCaseExecutor.java:448)
	at com.kms.katalon.core.main.TestCaseExecutor.doExecute(TestCaseExecutor.java:439)
	at com.kms.katalon.core.main.TestCaseExecutor.processExecutionPhase(TestCaseExecutor.java:418)
	at com.kms.katalon.core.main.TestCaseExecutor.accessMainPhase(TestCaseExecutor.java:410)
	at com.kms.katalon.core.main.TestCaseExecutor.execute(TestCaseExecutor.java:285)
	at com.kms.katalon.core.common.CommonExecutor.accessTestCaseMainPhase(CommonExecutor.java:65)
	at com.kms.katalon.core.main.TestSuiteExecutor.accessTestSuiteMainPhase(TestSuiteExecutor.java:148)
	at com.kms.katalon.core.main.TestSuiteExecutor.execute(TestSuiteExecutor.java:106)
	at com.kms.katalon.core.main.TestCaseMain.startTestSuite(TestCaseMain.java:180)
	at TempTestSuite1706170700561.run(TempTestSuite1706170700561.groovy:36)
	at java.base/jdk.internal.reflect.NativeMethodAccessorImpl.invoke0(Native Method)
	at java.base/jdk.internal.reflect.NativeMethodAccessorImpl.invoke(NativeMethodAccessorImpl.java:77)
	at java.base/jdk.internal.reflect.DelegatingMethodAccessorImpl.invoke(DelegatingMethodAccessorImpl.java:43)
Caused by: com.kms.katalon.core.webui.exception.WebElementNotFoundException: Web element with id: 'Object Repository/Sort_Test/Page_Online Shopping site in India Shop Onl_10c5f3/input_field-keywords' located by '//input[@id='twotabsearchtextbox']' not found
	at com.kms.katalon.core.webui.common.WebUiCommonHelper.findWebElement(WebUiCommonHelper.java:1379)
	at com.kms.katalon.core.webui.keyword.internal.WebUIAbstractKeyword.findWebElement(WebUIAbstractKeyword.groovy:27)
	at com.kms.katalon.core.webui.keyword.internal.WebUIAbstractKeyword.findWebElement(WebUIAbstractKeyword.groovy:26)
	at com.kms.katalon.core.webui.keyword.builtin.SetTextKeyword$_setText_closure1.doCall(SetTextKeyword.groovy:51)
	at com.kms.katalon.core.webui.keyword.builtin.SetTextKeyword$_setText_closure1.call(SetTextKeyword.groovy)
	at com.kms.katalon.core.webui.keyword.internal.WebUIKeywordMain.runKeyword(WebUIKeywordMain.groovy:20)
	... 20 more]]></system-err>
   </testsuite>
</testsuites>
