<?xml version="1.0" encoding="UTF-8"?>
<testsuites name="Shopping_cart" time="272.368" tests="3" failures="0" errors="0">
   <testsuite name="Shopping_cart" tests="3" failures="0" errors="0" time="272.368" skipped="0" timestamp="25-01-2024T18:44:28" hostname="Win11 - Arnab-er" id="Test Suites/Shopping_cart">
      <properties>
         <property name="deviceName" value=""/>
         <property name="devicePlatform" value=""/>
         <property name="logFolder" value="C:\\Users\\Win11\\git\\katalon_amazon_testing\\Reports\\20240125_184422\\Shopping_cart\\20240125_184423"/>
         <property name="logFiles" value="C:\\Users\\Win11\\git\\katalon_amazon_testing\\Reports\\20240125_184422\\Shopping_cart\\20240125_184423\\execution0.log"/>
         <property name="attachments" value="C:\\Users\\Win11\\git\\katalon_amazon_testing\\Reports\\20240125_184422\\Shopping_cart\\20240125_184423\\1706188673564.png"/>
         <property name="hostName" value="Win11 - Arnab-er"/>
         <property name="os" value="Windows 11 64bit"/>
         <property name="katalonVersion" value="9.1.0.212"/>
         <property name="browser" value="Chrome 120.0.0.0"/>
         <property name="hostAddress" value="192.168.208.7"/>
         <property name="sessionId" value="c509b9c9a72c994f67d146adff923b35"/>
         <property name="seleniumVersion" value="3.141.59"/>
         <property name="proxyInformation" value="ProxyInformation { proxyOption=NO_PROXY, proxyServerType=HTTP, username=, password=********, proxyServerAddress=, proxyServerPort=0, executionList=&quot;&quot;, isApplyToDesiredCapabilities=true }"/>
         <property name="platform" value="Windows 11"/>
      </properties>
      <testcase name="Test Cases/TC_Amazon_Home_006.1" time="108.596" classname="Test Cases/TC_Amazon_Home_006.1" status="PASSED">
         <system-out><![CDATA[25-01-2024T18:44:28 - [TEST_CASE][PASSED] - Test Cases/TC_Amazon_Home_006.1: Test Cases/TC_Amazon_Home_006.1

25-01-2024T18:44:29 - [TEST_STEP][PASSED] - openBrowser(""): Browser is opened with url: ''

25-01-2024T18:44:29 - [MESSAGE][INFO] - Starting 'Chrome' driver

25-01-2024T18:44:29 - [MESSAGE][INFO] - Action delay is set to 0 milliseconds

25-01-2024T18:44:31 - [MESSAGE][PASSED] - Browser is opened with url: ''

25-01-2024T18:44:31 - [TEST_STEP][PASSED] - navigateToUrl("https://www.amazon.in/"): Navigate to 'https://www.amazon.in/' successfully

25-01-2024T18:44:32 - [MESSAGE][PASSED] - Navigate to 'https://www.amazon.in/' successfully

25-01-2024T18:44:32 - [TEST_STEP][PASSED] - click(findTestObject("Object Repository/Product_Cart_Test/Page_Online Shopping site in India Shop Onl_10c5f3/span_Sign in")): Object: 'Object Repository/Product_Cart_Test/Page_Online Shopping site in India Shop Onl_10c5f3/span_Sign in' is clicked on

25-01-2024T18:44:36 - [MESSAGE][PASSED] - Object: 'Object Repository/Product_Cart_Test/Page_Online Shopping site in India Shop Onl_10c5f3/span_Sign in' is clicked on

25-01-2024T18:44:36 - [TEST_STEP][PASSED] - setText(findTestObject("Object Repository/Product_Cart_Test/Page_Amazon Sign In/input_email"), "9798810632"): Text '9798810632' is set on object 'Object Repository/Product_Cart_Test/Page_Amazon Sign In/input_email'

25-01-2024T18:44:38 - [MESSAGE][PASSED] - Text '9798810632' is set on object 'Object Repository/Product_Cart_Test/Page_Amazon Sign In/input_email'

25-01-2024T18:44:38 - [TEST_STEP][PASSED] - click(findTestObject("Object Repository/Product_Cart_Test/Page_Amazon Sign In/inputcontinue")): Object: 'Object Repository/Product_Cart_Test/Page_Amazon Sign In/inputcontinue' is clicked on

25-01-2024T18:44:40 - [MESSAGE][PASSED] - Object: 'Object Repository/Product_Cart_Test/Page_Amazon Sign In/inputcontinue' is clicked on

25-01-2024T18:44:40 - [TEST_STEP][PASSED] - setEncryptedText(findTestObject("Object Repository/Product_Cart_Test/Page_Amazon Sign In/input_password"), "9N/NeoNUwAmOpqY2L/5HEg=="): Text ****** has been set on object 'Object Repository/Product_Cart_Test/Page_Amazon Sign In/input_password'

25-01-2024T18:44:41 - [MESSAGE][PASSED] - Text ****** has been set on object 'Object Repository/Product_Cart_Test/Page_Amazon Sign In/input_password'

25-01-2024T18:44:41 - [TEST_STEP][PASSED] - click(findTestObject("Object Repository/Product_Cart_Test/Page_Amazon Sign In/inputsignInSubmit")): Object: 'Object Repository/Product_Cart_Test/Page_Amazon Sign In/inputsignInSubmit' is clicked on

25-01-2024T18:44:42 - [MESSAGE][PASSED] - Object: 'Object Repository/Product_Cart_Test/Page_Amazon Sign In/inputsignInSubmit' is clicked on

25-01-2024T18:44:42 - [TEST_STEP][PASSED] - setText(findTestObject("Object Repository/Product_Cart_Test/Page_Online Shopping site in India Shop Onl_10c5f3/input_field-keywords"), "watches"): Text 'watches' is set on object 'Object Repository/Product_Cart_Test/Page_Online Shopping site in India Shop Onl_10c5f3/input_field-keywords'

25-01-2024T18:44:52 - [MESSAGE][PASSED] - Text 'watches' is set on object 'Object Repository/Product_Cart_Test/Page_Online Shopping site in India Shop Onl_10c5f3/input_field-keywords'

25-01-2024T18:44:52 - [TEST_STEP][PASSED] - click(findTestObject("Object Repository/Product_Cart_Test/Page_Online Shopping site in India Shop Onl_10c5f3/inputnav-search-submit-button")): Object: 'Object Repository/Product_Cart_Test/Page_Online Shopping site in India Shop Onl_10c5f3/inputnav-search-submit-button' is clicked on

25-01-2024T18:45:00 - [MESSAGE][PASSED] - Object: 'Object Repository/Product_Cart_Test/Page_Online Shopping site in India Shop Onl_10c5f3/inputnav-search-submit-button' is clicked on

25-01-2024T18:45:00 - [TEST_STEP][PASSED] - switchToWindowTitle("Amazon.in : watches"): Switched to window with title: 'Amazon.in : watches'

25-01-2024T18:45:00 - [MESSAGE][PASSED] - Switched to window with title: 'Amazon.in : watches'

25-01-2024T18:45:00 - [TEST_STEP][PASSED] - click(findTestObject("Object Repository/Product_Cart_Test/Page_Amazon.in  watches/div_a-section aok-relative s-image-tall-aspect")): Object: 'Object Repository/Product_Cart_Test/Page_Amazon.in  watches/div_a-section aok-relative s-image-tall-aspect' is clicked on

25-01-2024T18:45:03 - [MESSAGE][PASSED] - Object: 'Object Repository/Product_Cart_Test/Page_Amazon.in  watches/div_a-section aok-relative s-image-tall-aspect' is clicked on

25-01-2024T18:45:03 - [TEST_STEP][PASSED] - click(findTestObject("Object Repository/Product_Cart_Test/Page_Buy GUESS Analog Beige Dial Mens Watch_36e5d7/input_a-button-input")): Object: 'Object Repository/Product_Cart_Test/Page_Buy GUESS Analog Beige Dial Mens Watch_36e5d7/input_a-button-input' is clicked on

25-01-2024T18:45:35 - [MESSAGE][INFO] - Unable to find the element located by 'By.xpath: (//input[@type='submit'])[24]'. Please recheck the objects properties to make sure the desired element is located. 

25-01-2024T18:45:35 - [MESSAGE][WARNING] - [SELF-HEALING] Failed to find element with id 'Object Repository/Product_Cart_Test/Page_Buy GUESS Analog Beige Dial Mens Watch_36e5d7/input_a-button-input'. Try using Self-healing.

25-01-2024T18:45:37 - [MESSAGE][WARNING] - [SELF-HEALING] The current locator of test object 'Object Repository/Product_Cart_Test/Page_Buy GUESS Analog Beige Dial Mens Watch_36e5d7/input_a-button-input' was broken. Propose an alternative one: '//input[@type = 'submit']'.

25-01-2024T18:45:42 - [MESSAGE][PASSED] - Object: 'Object Repository/Product_Cart_Test/Page_Buy GUESS Analog Beige Dial Mens Watch_36e5d7/input_a-button-input' is clicked on

25-01-2024T18:45:42 - [TEST_STEP][PASSED] - click(findTestObject("Object Repository/Product_Cart_Test/Page_Amazon.in Shopping Cart/a_Go to Cart")): Object: 'Object Repository/Product_Cart_Test/Page_Amazon.in Shopping Cart/a_Go to Cart' is clicked on

25-01-2024T18:46:14 - [MESSAGE][INFO] - Unable to find the element located by 'By.xpath: //span[@id='sw-gtc']/span/a'. Please recheck the objects properties to make sure the desired element is located. 

25-01-2024T18:46:14 - [MESSAGE][WARNING] - [SELF-HEALING] Failed to find element with id 'Object Repository/Product_Cart_Test/Page_Amazon.in Shopping Cart/a_Go to Cart'. Try using Self-healing.

25-01-2024T18:46:16 - [MESSAGE][WARNING] - [SELF-HEALING] The current locator of test object 'Object Repository/Product_Cart_Test/Page_Amazon.in Shopping Cart/a_Go to Cart' was broken. Propose an alternative one: '//div[3]/div/span/span/a'.

25-01-2024T18:46:17 - [MESSAGE][PASSED] - Object: 'Object Repository/Product_Cart_Test/Page_Amazon.in Shopping Cart/a_Go to Cart' is clicked on

25-01-2024T18:46:17 - [TEST_STEP][PASSED] - closeBrowser(): Browser is closed

25-01-2024T18:46:17 - [MESSAGE][PASSED] - Browser is closed]]></system-out>
         <system-err><![CDATA[]]></system-err>
      </testcase>
      <testcase name="Test Cases/TC_Amazon_Home_006.2" time="61.994" classname="Test Cases/TC_Amazon_Home_006.2" status="PASSED">
         <system-out><![CDATA[25-01-2024T18:46:17 - [TEST_CASE][PASSED] - Test Cases/TC_Amazon_Home_006.2: Test Cases/TC_Amazon_Home_006.2

25-01-2024T18:46:17 - [TEST_STEP][PASSED] - openBrowser(""): Browser is opened with url: ''

25-01-2024T18:46:17 - [MESSAGE][INFO] - Starting 'Chrome' driver

25-01-2024T18:46:17 - [MESSAGE][INFO] - Action delay is set to 0 milliseconds

25-01-2024T18:46:18 - [MESSAGE][PASSED] - Browser is opened with url: ''

25-01-2024T18:46:18 - [TEST_STEP][PASSED] - navigateToUrl("https://www.amazon.in/"): Navigate to 'https://www.amazon.in/' successfully

25-01-2024T18:46:21 - [MESSAGE][PASSED] - Navigate to 'https://www.amazon.in/' successfully

25-01-2024T18:46:21 - [TEST_STEP][PASSED] - click(findTestObject("Object Repository/Product_Cart_Test/Product/Page_Online Shopping site in India Shop Onl_10c5f3/span_Sign in")): Object: 'Object Repository/Product_Cart_Test/Product/Page_Online Shopping site in India Shop Onl_10c5f3/span_Sign in' is clicked on

25-01-2024T18:46:23 - [MESSAGE][PASSED] - Object: 'Object Repository/Product_Cart_Test/Product/Page_Online Shopping site in India Shop Onl_10c5f3/span_Sign in' is clicked on

25-01-2024T18:46:23 - [TEST_STEP][PASSED] - setText(findTestObject("Object Repository/Product_Cart_Test/Product/Page_Amazon Sign In/input_email"), "9798810632"): Text '9798810632' is set on object 'Object Repository/Product_Cart_Test/Product/Page_Amazon Sign In/input_email'

25-01-2024T18:46:25 - [MESSAGE][PASSED] - Text '9798810632' is set on object 'Object Repository/Product_Cart_Test/Product/Page_Amazon Sign In/input_email'

25-01-2024T18:46:25 - [TEST_STEP][PASSED] - click(findTestObject("Object Repository/Product_Cart_Test/Product/Page_Amazon Sign In/inputcontinue")): Object: 'Object Repository/Product_Cart_Test/Product/Page_Amazon Sign In/inputcontinue' is clicked on

25-01-2024T18:46:27 - [MESSAGE][PASSED] - Object: 'Object Repository/Product_Cart_Test/Product/Page_Amazon Sign In/inputcontinue' is clicked on

25-01-2024T18:46:27 - [TEST_STEP][PASSED] - setEncryptedText(findTestObject("Object Repository/Product_Cart_Test/Product/Page_Amazon Sign In/input_password"), "9N/NeoNUwAmOpqY2L/5HEg=="): Text ****** has been set on object 'Object Repository/Product_Cart_Test/Product/Page_Amazon Sign In/input_password'

25-01-2024T18:46:27 - [MESSAGE][PASSED] - Text ****** has been set on object 'Object Repository/Product_Cart_Test/Product/Page_Amazon Sign In/input_password'

25-01-2024T18:46:27 - [TEST_STEP][PASSED] - click(findTestObject("Object Repository/Product_Cart_Test/Product/Page_Amazon Sign In/inputsignInSubmit")): Object: 'Object Repository/Product_Cart_Test/Product/Page_Amazon Sign In/inputsignInSubmit' is clicked on

25-01-2024T18:46:28 - [MESSAGE][PASSED] - Object: 'Object Repository/Product_Cart_Test/Product/Page_Amazon Sign In/inputsignInSubmit' is clicked on

25-01-2024T18:46:28 - [TEST_STEP][PASSED] - setText(findTestObject("Object Repository/Product_Cart_Test/Product/Page_Online Shopping site in India Shop Onl_10c5f3/input_field-keywords"), "watches"): Text 'watches' is set on object 'Object Repository/Product_Cart_Test/Product/Page_Online Shopping site in India Shop Onl_10c5f3/input_field-keywords'

25-01-2024T18:46:36 - [MESSAGE][PASSED] - Text 'watches' is set on object 'Object Repository/Product_Cart_Test/Product/Page_Online Shopping site in India Shop Onl_10c5f3/input_field-keywords'

25-01-2024T18:46:36 - [TEST_STEP][PASSED] - click(findTestObject("Object Repository/Product_Cart_Test/Product/Page_Online Shopping site in India Shop Onl_10c5f3/inputnav-search-submit-button")): Object: 'Object Repository/Product_Cart_Test/Product/Page_Online Shopping site in India Shop Onl_10c5f3/inputnav-search-submit-button' is clicked on

25-01-2024T18:46:43 - [MESSAGE][PASSED] - Object: 'Object Repository/Product_Cart_Test/Product/Page_Online Shopping site in India Shop Onl_10c5f3/inputnav-search-submit-button' is clicked on

25-01-2024T18:46:43 - [TEST_STEP][PASSED] - click(findTestObject("Object Repository/Product_Cart_Test/Product/Page_Amazon.in  watches/img_s-image")): Object: 'Object Repository/Product_Cart_Test/Product/Page_Amazon.in  watches/img_s-image' is clicked on

25-01-2024T18:46:45 - [MESSAGE][PASSED] - Object: 'Object Repository/Product_Cart_Test/Product/Page_Amazon.in  watches/img_s-image' is clicked on

25-01-2024T18:46:45 - [TEST_STEP][PASSED] - switchToWindowTitle("Amazon.in Shopping Cart"): Switched to window with title: 'Amazon.in Shopping Cart'

25-01-2024T18:47:16 - [MESSAGE][PASSED] - Switched to window with title: 'Amazon.in Shopping Cart'

25-01-2024T18:47:16 - [TEST_STEP][PASSED] - click(findTestObject("Object Repository/Product_Cart_Test/Product/Page_Amazon.in Shopping Cart/input_submit.addToCart")): Object: 'Object Repository/Product_Cart_Test/Product/Page_Amazon.in Shopping Cart/input_submit.addToCart' is clicked on

25-01-2024T18:47:19 - [MESSAGE][PASSED] - Object: 'Object Repository/Product_Cart_Test/Product/Page_Amazon.in Shopping Cart/input_submit.addToCart' is clicked on

25-01-2024T18:47:19 - [TEST_STEP][PASSED] - closeBrowser(): Browser is closed

25-01-2024T18:47:19 - [MESSAGE][PASSED] - Browser is closed]]></system-out>
         <system-err><![CDATA[]]></system-err>
      </testcase>
      <testcase name="Test Cases/TC_Amazon_Home_006.3" time="101.456" classname="Test Cases/TC_Amazon_Home_006.3" status="PASSED">
         <system-out><![CDATA[25-01-2024T18:47:19 - [TEST_CASE][PASSED] - Test Cases/TC_Amazon_Home_006.3: Test Cases/TC_Amazon_Home_006.3

25-01-2024T18:47:19 - [TEST_STEP][PASSED] - openBrowser(""): Browser is opened with url: ''

25-01-2024T18:47:19 - [MESSAGE][INFO] - Starting 'Chrome' driver

25-01-2024T18:47:19 - [MESSAGE][INFO] - Action delay is set to 0 milliseconds

25-01-2024T18:47:20 - [MESSAGE][PASSED] - Browser is opened with url: ''

25-01-2024T18:47:20 - [TEST_STEP][PASSED] - navigateToUrl("https://www.amazon.in/"): Navigate to 'https://www.amazon.in/' successfully

25-01-2024T18:47:21 - [MESSAGE][PASSED] - Navigate to 'https://www.amazon.in/' successfully

25-01-2024T18:47:21 - [TEST_STEP][PASSED] - click(findTestObject("Object Repository/Product_Cart_Test/product1/Page_Online Shopping site in India Shop Onl_10c5f3/span_Sign in")): Object: 'Object Repository/Product_Cart_Test/product1/Page_Online Shopping site in India Shop Onl_10c5f3/span_Sign in' is clicked on

25-01-2024T18:47:25 - [MESSAGE][PASSED] - Object: 'Object Repository/Product_Cart_Test/product1/Page_Online Shopping site in India Shop Onl_10c5f3/span_Sign in' is clicked on

25-01-2024T18:47:25 - [TEST_STEP][PASSED] - setText(findTestObject("Object Repository/Product_Cart_Test/product1/Page_Amazon Sign In/input_email"), "9798810632"): Text '9798810632' is set on object 'Object Repository/Product_Cart_Test/product1/Page_Amazon Sign In/input_email'

25-01-2024T18:47:27 - [MESSAGE][PASSED] - Text '9798810632' is set on object 'Object Repository/Product_Cart_Test/product1/Page_Amazon Sign In/input_email'

25-01-2024T18:47:27 - [TEST_STEP][PASSED] - click(findTestObject("Object Repository/Product_Cart_Test/product1/Page_Amazon Sign In/inputcontinue")): Object: 'Object Repository/Product_Cart_Test/product1/Page_Amazon Sign In/inputcontinue' is clicked on

25-01-2024T18:47:29 - [MESSAGE][PASSED] - Object: 'Object Repository/Product_Cart_Test/product1/Page_Amazon Sign In/inputcontinue' is clicked on

25-01-2024T18:47:29 - [TEST_STEP][PASSED] - setEncryptedText(findTestObject("Object Repository/Product_Cart_Test/product1/Page_Amazon Sign In/input_password"), "9N/NeoNUwAmOpqY2L/5HEg=="): Text ****** has been set on object 'Object Repository/Product_Cart_Test/product1/Page_Amazon Sign In/input_password'

25-01-2024T18:47:30 - [MESSAGE][PASSED] - Text ****** has been set on object 'Object Repository/Product_Cart_Test/product1/Page_Amazon Sign In/input_password'

25-01-2024T18:47:30 - [TEST_STEP][PASSED] - click(findTestObject("Object Repository/Product_Cart_Test/product1/Page_Amazon Sign In/inputsignInSubmit")): Object: 'Object Repository/Product_Cart_Test/product1/Page_Amazon Sign In/inputsignInSubmit' is clicked on

25-01-2024T18:47:30 - [MESSAGE][PASSED] - Object: 'Object Repository/Product_Cart_Test/product1/Page_Amazon Sign In/inputsignInSubmit' is clicked on

25-01-2024T18:47:30 - [TEST_STEP][PASSED] - click(findTestObject("Object Repository/Product_Cart_Test/product1/Page_Online Shopping site in India Shop Onl_10c5f3/span_nav-cart-icon nav-sprite"), OPTIONAL): Unable to click on object 'Object Repository/Product_Cart_Test/product1/Page_Online Shopping site in India Shop Onl_10c5f3/span_nav-cart-icon nav-sprite' (Root cause: com.kms.katalon.core.exception.StepFailedException: Unable to click on object 'Object Repository/Product_Cart_Test/product1/Page_Online Shopping site in India Shop Onl_10c5f3/span_nav-cart-icon nav-sprite'
	at com.kms.katalon.core.webui.keyword.internal.WebUIKeywordMain.stepFailed(WebUIKeywordMain.groovy:64)
	at com.kms.katalon.core.webui.keyword.internal.WebUIKeywordMain.runKeyword(WebUIKeywordMain.groovy:26)
	at com.kms.katalon.core.webui.keyword.builtin.ClickKeyword.click(ClickKeyword.groovy:74)
	at com.kms.katalon.core.webui.keyword.builtin.ClickKeyword.execute(ClickKeyword.groovy:40)
	at com.kms.katalon.core.keyword.internal.KeywordExecutor.executeKeywordForPlatform(KeywordExecutor.groovy:74)
	at com.kms.katalon.core.webui.keyword.WebUiBuiltInKeywords.click(WebUiBuiltInKeywords.groovy:647)
	at TC_Amazon_Home_006.3.run(TC_Amazon_Home_006.3:34)
	at com.kms.katalon.core.main.ScriptEngine.run(ScriptEngine.java:194)
	at com.kms.katalon.core.main.ScriptEngine.runScriptAsRawText(ScriptEngine.java:119)
	at com.kms.katalon.core.main.TestCaseExecutor.runScript(TestCaseExecutor.java:448)
	at com.kms.katalon.core.main.TestCaseExecutor.doExecute(TestCaseExecutor.java:439)
	at com.kms.katalon.core.main.TestCaseExecutor.processExecutionPhase(TestCaseExecutor.java:418)
	at com.kms.katalon.core.main.TestCaseExecutor.accessMainPhase(TestCaseExecutor.java:410)
	at com.kms.katalon.core.main.TestCaseExecutor.execute(TestCaseExecutor.java:285)
	at com.kms.katalon.core.common.CommonExecutor.accessTestCaseMainPhase(CommonExecutor.java:65)
	at com.kms.katalon.core.main.TestSuiteExecutor.accessTestSuiteMainPhase(TestSuiteExecutor.java:148)
	at com.kms.katalon.core.main.TestSuiteExecutor.execute(TestSuiteExecutor.java:106)
	at com.kms.katalon.core.main.TestCaseMain.startTestSuite(TestCaseMain.java:180)
	at TempTestSuite1706188463859.run(TempTestSuite1706188463859.groovy:36)
	at java.base/jdk.internal.reflect.NativeMethodAccessorImpl.invoke0(Native Method)
	at java.base/jdk.internal.reflect.NativeMethodAccessorImpl.invoke(NativeMethodAccessorImpl.java:77)
	at java.base/jdk.internal.reflect.DelegatingMethodAccessorImpl.invoke(DelegatingMethodAccessorImpl.java:43)
Caused by: org.openqa.selenium.StaleElementReferenceException: stale element reference: stale element not found
  (Session info: chrome=120.0.6099.225)
For documentation on this error, please visit: https://www.seleniumhq.org/exceptions/stale_element_reference.html
Build info: version: '3.141.59', revision: 'e82be7d358', time: '2018-11-14T08:25:53'
System info: host: 'ARNAB-ER', ip: '192.168.208.7', os.name: 'Windows 11', os.arch: 'amd64', os.version: '10.0', java.version: '17.0.7'
Driver info: com.kms.katalon.selenium.driver.CChromeDriver
Capabilities {acceptInsecureCerts: false, browserName: chrome, browserVersion: 120.0.6099.225, chrome: {chromedriverVersion: 119.0.6045.105 (38c72552c5e..., userDataDir: C:\Users\Win11\AppData\Loca...}, fedcm:accounts: true, goog:chromeOptions: {debuggerAddress: localhost:56704}, javascriptEnabled: true, networkConnectionEnabled: false, pageLoadStrategy: normal, platform: WINDOWS, platformName: WINDOWS, proxy: Proxy(), setWindowRect: true, strictFileInteractability: false, timeouts: {implicit: 0, pageLoad: 300000, script: 30000}, unhandledPromptBehavior: dismiss and notify, webauthn:extension:credBlob: true, webauthn:extension:largeBlob: true, webauthn:extension:minPinLength: true, webauthn:extension:prf: true, webauthn:virtualAuthenticators: true}
Session ID: c509b9c9a72c994f67d146adff923b35
	at java.base/jdk.internal.reflect.NativeConstructorAccessorImpl.newInstance0(Native Method)
	at java.base/jdk.internal.reflect.NativeConstructorAccessorImpl.newInstance(NativeConstructorAccessorImpl.java:77)
	at java.base/jdk.internal.reflect.DelegatingConstructorAccessorImpl.newInstance(DelegatingConstructorAccessorImpl.java:45)
	at org.openqa.selenium.remote.http.W3CHttpResponseCodec.createException(W3CHttpResponseCodec.java:187)
	at org.openqa.selenium.remote.http.W3CHttpResponseCodec.decode(W3CHttpResponseCodec.java:122)
	at org.openqa.selenium.remote.http.W3CHttpResponseCodec.decode(W3CHttpResponseCodec.java:49)
	at org.openqa.selenium.remote.HttpCommandExecutor.execute(HttpCommandExecutor.java:158)
	at org.openqa.selenium.remote.service.DriverCommandExecutor.execute(DriverCommandExecutor.java:83)
	at org.openqa.selenium.remote.RemoteWebDriver.execute(RemoteWebDriver.java:552)
	at com.kms.katalon.selenium.driver.CChromeDriver.execute(CChromeDriver.java:19)
	at org.openqa.selenium.remote.RemoteWebElement.execute(RemoteWebElement.java:285)
	at org.openqa.selenium.remote.RemoteWebElement.click(RemoteWebElement.java:84)
	at jdk.internal.reflect.GeneratedMethodAccessor16.invoke(Unknown Source)
	at java.base/jdk.internal.reflect.DelegatingMethodAccessorImpl.invoke(DelegatingMethodAccessorImpl.java:43)
	at org.openqa.selenium.support.events.EventFiringWebDriver$EventFiringWebElement.lambda$new$0(EventFiringWebDriver.java:404)
	at jdk.proxy2/jdk.proxy2.$Proxy24.click(Unknown Source)
	at org.openqa.selenium.support.events.EventFiringWebDriver$EventFiringWebElement.click(EventFiringWebDriver.java:417)
	at org.openqa.selenium.WebElement$click.call(Unknown Source)
	at com.kms.katalon.core.webui.keyword.builtin.ClickKeyword.clickUntilSuccessWithTimeout(ClickKeyword.groovy:81)
	at com.kms.katalon.core.webui.keyword.builtin.ClickKeyword.clickUntilSuccessWithTimeout(ClickKeyword.groovy)
	at jdk.internal.reflect.GeneratedMethodAccessor14.invoke(Unknown Source)
	at java.base/jdk.internal.reflect.DelegatingMethodAccessorImpl.invoke(DelegatingMethodAccessorImpl.java:43)
	at com.kms.katalon.core.webui.keyword.builtin.ClickKeyword$_click_closure1.doCall(ClickKeyword.groovy:67)
	at com.kms.katalon.core.webui.keyword.builtin.ClickKeyword$_click_closure1.call(ClickKeyword.groovy)
	at com.kms.katalon.core.webui.keyword.internal.WebUIKeywordMain.runKeyword(WebUIKeywordMain.groovy:20)
	at com.kms.katalon.core.webui.keyword.builtin.ClickKeyword.click(ClickKeyword.groovy:74)
	at com.kms.katalon.core.webui.keyword.builtin.ClickKeyword.execute(ClickKeyword.groovy:40)
	at com.kms.katalon.core.keyword.internal.KeywordExecutor.executeKeywordForPlatform(KeywordExecutor.groovy:74)
	at com.kms.katalon.core.webui.keyword.WebUiBuiltInKeywords.click(WebUiBuiltInKeywords.groovy:647)
	at Script1706187856698.run(Script1706187856698.groovy:34)
	... 15 more
)

25-01-2024T18:47:53 - [MESSAGE][WARNING] - Unable to click on object 'Object Repository/Product_Cart_Test/product1/Page_Online Shopping site in India Shop Onl_10c5f3/span_nav-cart-icon nav-sprite' (Root cause: com.kms.katalon.core.exception.StepFailedException: Unable to click on object 'Object Repository/Product_Cart_Test/product1/Page_Online Shopping site in India Shop Onl_10c5f3/span_nav-cart-icon nav-sprite'
	at com.kms.katalon.core.webui.keyword.internal.WebUIKeywordMain.stepFailed(WebUIKeywordMain.groovy:64)
	at com.kms.katalon.core.webui.keyword.internal.WebUIKeywordMain.runKeyword(WebUIKeywordMain.groovy:26)
	at com.kms.katalon.core.webui.keyword.builtin.ClickKeyword.click(ClickKeyword.groovy:74)
	at com.kms.katalon.core.webui.keyword.builtin.ClickKeyword.execute(ClickKeyword.groovy:40)
	at com.kms.katalon.core.keyword.internal.KeywordExecutor.executeKeywordForPlatform(KeywordExecutor.groovy:74)
	at com.kms.katalon.core.webui.keyword.WebUiBuiltInKeywords.click(WebUiBuiltInKeywords.groovy:647)
	at TC_Amazon_Home_006.3.run(TC_Amazon_Home_006.3:34)
	at com.kms.katalon.core.main.ScriptEngine.run(ScriptEngine.java:194)
	at com.kms.katalon.core.main.ScriptEngine.runScriptAsRawText(ScriptEngine.java:119)
	at com.kms.katalon.core.main.TestCaseExecutor.runScript(TestCaseExecutor.java:448)
	at com.kms.katalon.core.main.TestCaseExecutor.doExecute(TestCaseExecutor.java:439)
	at com.kms.katalon.core.main.TestCaseExecutor.processExecutionPhase(TestCaseExecutor.java:418)
	at com.kms.katalon.core.main.TestCaseExecutor.accessMainPhase(TestCaseExecutor.java:410)
	at com.kms.katalon.core.main.TestCaseExecutor.execute(TestCaseExecutor.java:285)
	at com.kms.katalon.core.common.CommonExecutor.accessTestCaseMainPhase(CommonExecutor.java:65)
	at com.kms.katalon.core.main.TestSuiteExecutor.accessTestSuiteMainPhase(TestSuiteExecutor.java:148)
	at com.kms.katalon.core.main.TestSuiteExecutor.execute(TestSuiteExecutor.java:106)
	at com.kms.katalon.core.main.TestCaseMain.startTestSuite(TestCaseMain.java:180)
	at TempTestSuite1706188463859.run(TempTestSuite1706188463859.groovy:36)
	at java.base/jdk.internal.reflect.NativeMethodAccessorImpl.invoke0(Native Method)
	at java.base/jdk.internal.reflect.NativeMethodAccessorImpl.invoke(NativeMethodAccessorImpl.java:77)
	at java.base/jdk.internal.reflect.DelegatingMethodAccessorImpl.invoke(DelegatingMethodAccessorImpl.java:43)
Caused by: org.openqa.selenium.StaleElementReferenceException: stale element reference: stale element not found
  (Session info: chrome=120.0.6099.225)
For documentation on this error, please visit: https://www.seleniumhq.org/exceptions/stale_element_reference.html
Build info: version: '3.141.59', revision: 'e82be7d358', time: '2018-11-14T08:25:53'
System info: host: 'ARNAB-ER', ip: '192.168.208.7', os.name: 'Windows 11', os.arch: 'amd64', os.version: '10.0', java.version: '17.0.7'
Driver info: com.kms.katalon.selenium.driver.CChromeDriver
Capabilities {acceptInsecureCerts: false, browserName: chrome, browserVersion: 120.0.6099.225, chrome: {chromedriverVersion: 119.0.6045.105 (38c72552c5e..., userDataDir: C:\Users\Win11\AppData\Loca...}, fedcm:accounts: true, goog:chromeOptions: {debuggerAddress: localhost:56704}, javascriptEnabled: true, networkConnectionEnabled: false, pageLoadStrategy: normal, platform: WINDOWS, platformName: WINDOWS, proxy: Proxy(), setWindowRect: true, strictFileInteractability: false, timeouts: {implicit: 0, pageLoad: 300000, script: 30000}, unhandledPromptBehavior: dismiss and notify, webauthn:extension:credBlob: true, webauthn:extension:largeBlob: true, webauthn:extension:minPinLength: true, webauthn:extension:prf: true, webauthn:virtualAuthenticators: true}
Session ID: c509b9c9a72c994f67d146adff923b35
	at java.base/jdk.internal.reflect.NativeConstructorAccessorImpl.newInstance0(Native Method)
	at java.base/jdk.internal.reflect.NativeConstructorAccessorImpl.newInstance(NativeConstructorAccessorImpl.java:77)
	at java.base/jdk.internal.reflect.DelegatingConstructorAccessorImpl.newInstance(DelegatingConstructorAccessorImpl.java:45)
	at org.openqa.selenium.remote.http.W3CHttpResponseCodec.createException(W3CHttpResponseCodec.java:187)
	at org.openqa.selenium.remote.http.W3CHttpResponseCodec.decode(W3CHttpResponseCodec.java:122)
	at org.openqa.selenium.remote.http.W3CHttpResponseCodec.decode(W3CHttpResponseCodec.java:49)
	at org.openqa.selenium.remote.HttpCommandExecutor.execute(HttpCommandExecutor.java:158)
	at org.openqa.selenium.remote.service.DriverCommandExecutor.execute(DriverCommandExecutor.java:83)
	at org.openqa.selenium.remote.RemoteWebDriver.execute(RemoteWebDriver.java:552)
	at com.kms.katalon.selenium.driver.CChromeDriver.execute(CChromeDriver.java:19)
	at org.openqa.selenium.remote.RemoteWebElement.execute(RemoteWebElement.java:285)
	at org.openqa.selenium.remote.RemoteWebElement.click(RemoteWebElement.java:84)
	at jdk.internal.reflect.GeneratedMethodAccessor16.invoke(Unknown Source)
	at java.base/jdk.internal.reflect.DelegatingMethodAccessorImpl.invoke(DelegatingMethodAccessorImpl.java:43)
	at org.openqa.selenium.support.events.EventFiringWebDriver$EventFiringWebElement.lambda$new$0(EventFiringWebDriver.java:404)
	at jdk.proxy2/jdk.proxy2.$Proxy24.click(Unknown Source)
	at org.openqa.selenium.support.events.EventFiringWebDriver$EventFiringWebElement.click(EventFiringWebDriver.java:417)
	at org.openqa.selenium.WebElement$click.call(Unknown Source)
	at com.kms.katalon.core.webui.keyword.builtin.ClickKeyword.clickUntilSuccessWithTimeout(ClickKeyword.groovy:81)
	at com.kms.katalon.core.webui.keyword.builtin.ClickKeyword.clickUntilSuccessWithTimeout(ClickKeyword.groovy)
	at jdk.internal.reflect.GeneratedMethodAccessor14.invoke(Unknown Source)
	at java.base/jdk.internal.reflect.DelegatingMethodAccessorImpl.invoke(DelegatingMethodAccessorImpl.java:43)
	at com.kms.katalon.core.webui.keyword.builtin.ClickKeyword$_click_closure1.doCall(ClickKeyword.groovy:67)
	at com.kms.katalon.core.webui.keyword.builtin.ClickKeyword$_click_closure1.call(ClickKeyword.groovy)
	at com.kms.katalon.core.webui.keyword.internal.WebUIKeywordMain.runKeyword(WebUIKeywordMain.groovy:20)
	at com.kms.katalon.core.webui.keyword.builtin.ClickKeyword.click(ClickKeyword.groovy:74)
	at com.kms.katalon.core.webui.keyword.builtin.ClickKeyword.execute(ClickKeyword.groovy:40)
	at com.kms.katalon.core.keyword.internal.KeywordExecutor.executeKeywordForPlatform(KeywordExecutor.groovy:74)
	at com.kms.katalon.core.webui.keyword.WebUiBuiltInKeywords.click(WebUiBuiltInKeywords.groovy:647)
	at Script1706187856698.run(Script1706187856698.groovy:34)
	... 15 more
)
[[ATTACHMENT|C:\\Users\\Win11\\git\\katalon_amazon_testing\\Reports\\20240125_184422\\Shopping_cart\\20240125_184423\\1706188673564.png]]

25-01-2024T18:47:53 - [TEST_STEP][PASSED] - click(findTestObject("Object Repository/Product_Cart_Test/product1/Page_Amazon.in Shopping Cart/input_submit.delete.74e5e150-dfed-4ef6-9522_931099")): Object: 'Object Repository/Product_Cart_Test/product1/Page_Amazon.in Shopping Cart/input_submit.delete.74e5e150-dfed-4ef6-9522_931099' is clicked on

25-01-2024T18:48:25 - [MESSAGE][INFO] - Unable to find the element located by 'By.xpath: //input[@name='submit.delete.74e5e150-dfed-4ef6-9522-076a17dbbd1c']'. Please recheck the objects properties to make sure the desired element is located. 

25-01-2024T18:48:25 - [MESSAGE][WARNING] - [SELF-HEALING] Failed to find element with id 'Object Repository/Product_Cart_Test/product1/Page_Amazon.in Shopping Cart/input_submit.delete.74e5e150-dfed-4ef6-9522_931099'. Try using Self-healing.

25-01-2024T18:48:25 - [MESSAGE][INFO] - [SELF-HEALING] Failed Locator: '//input[@name='submit.delete.74e5e150-dfed-4ef6-9522-076a17dbbd1c']'.

25-01-2024T18:48:25 - [MESSAGE][INFO] - [SELF-HEALING] Failed Locator: '//div[@id='sc-active-74e5e150-dfed-4ef6-9522-076a17dbbd1c']/div[4]/div/div[3]/div/span[2]/span/input'.

25-01-2024T18:48:25 - [MESSAGE][INFO] - [SELF-HEALING] Working Locator: '//span[2]/span/input'.

25-01-2024T18:48:26 - [MESSAGE][INFO] - [SELF-HEALING] Screenshot: C:/Users/Win11/git/katalon_amazon_testing/Reports/Self-healing/Object Repository/Product_Cart_Test/product1/Page_Amazon.in Shopping Cart/input_submit.delete.74e5e150-dfed-4ef6-9522_931099_position.png

25-01-2024T18:48:26 - [MESSAGE][WARNING] - [SELF-HEALING] The current locator of test object 'Object Repository/Product_Cart_Test/product1/Page_Amazon.in Shopping Cart/input_submit.delete.74e5e150-dfed-4ef6-9522_931099' was broken. Propose an alternative one: '//span[2]/span/input'.

25-01-2024T18:48:26 - [MESSAGE][PASSED] - Object: 'Object Repository/Product_Cart_Test/product1/Page_Amazon.in Shopping Cart/input_submit.delete.74e5e150-dfed-4ef6-9522_931099' is clicked on

25-01-2024T18:48:26 - [TEST_STEP][PASSED] - click(findTestObject("Object Repository/Product_Cart_Test/product1/Page_Amazon.in Shopping Cart/input_submit.delete.3c28bbc2-6709-40da-a37c_5ae046")): Object: 'Object Repository/Product_Cart_Test/product1/Page_Amazon.in Shopping Cart/input_submit.delete.3c28bbc2-6709-40da-a37c_5ae046' is clicked on

25-01-2024T18:48:57 - [MESSAGE][INFO] - Unable to find the element located by 'By.xpath: //input[@name='submit.delete.3c28bbc2-6709-40da-a37c-139d6af24ad6']'. Please recheck the objects properties to make sure the desired element is located. 

25-01-2024T18:48:57 - [MESSAGE][WARNING] - [SELF-HEALING] Failed to find element with id 'Object Repository/Product_Cart_Test/product1/Page_Amazon.in Shopping Cart/input_submit.delete.3c28bbc2-6709-40da-a37c_5ae046'. Try using Self-healing.

25-01-2024T18:48:58 - [MESSAGE][INFO] - [SELF-HEALING] Failed Locator: '//input[@name='submit.delete.3c28bbc2-6709-40da-a37c-139d6af24ad6']'.

25-01-2024T18:48:58 - [MESSAGE][INFO] - [SELF-HEALING] Failed Locator: '//div[@id='sc-active-3c28bbc2-6709-40da-a37c-139d6af24ad6']/div[4]/div/div[3]/div/span[2]/span/input'.

25-01-2024T18:48:58 - [MESSAGE][INFO] - [SELF-HEALING] Working Locator: '//span[2]/span/input'.

25-01-2024T18:48:58 - [MESSAGE][INFO] - [SELF-HEALING] Screenshot: C:/Users/Win11/git/katalon_amazon_testing/Reports/Self-healing/Object Repository/Product_Cart_Test/product1/Page_Amazon.in Shopping Cart/input_submit.delete.3c28bbc2-6709-40da-a37c_5ae046_position.png

25-01-2024T18:48:58 - [MESSAGE][WARNING] - [SELF-HEALING] The current locator of test object 'Object Repository/Product_Cart_Test/product1/Page_Amazon.in Shopping Cart/input_submit.delete.3c28bbc2-6709-40da-a37c_5ae046' was broken. Propose an alternative one: '//span[2]/span/input'.

25-01-2024T18:48:59 - [MESSAGE][PASSED] - Object: 'Object Repository/Product_Cart_Test/product1/Page_Amazon.in Shopping Cart/input_submit.delete.3c28bbc2-6709-40da-a37c_5ae046' is clicked on

25-01-2024T18:48:59 - [TEST_STEP][PASSED] - click(findTestObject("Object Repository/Product_Cart_Test/product1/Page_Amazon.in Shopping Cart/h1_Your Amazon Cart is empty")): Object: 'Object Repository/Product_Cart_Test/product1/Page_Amazon.in Shopping Cart/h1_Your Amazon Cart is empty' is clicked on

25-01-2024T18:49:00 - [MESSAGE][PASSED] - Object: 'Object Repository/Product_Cart_Test/product1/Page_Amazon.in Shopping Cart/h1_Your Amazon Cart is empty' is clicked on

25-01-2024T18:49:00 - [TEST_STEP][PASSED] - closeBrowser(): Browser is closed

25-01-2024T18:49:00 - [MESSAGE][PASSED] - Browser is closed]]></system-out>
         <system-err><![CDATA[]]></system-err>
      </testcase>
      <system-out><![CDATA[25-01-2024T18:44:28 - [TEST_SUITE][PASSED] - Shopping_cart: Test Cases/TC_Amazon_Home_006.3]]></system-out>
      <system-err><![CDATA[]]></system-err>
   </testsuite>
</testsuites>
