<?xml version="1.0" encoding="UTF-8"?>
<testsuites name="Footer_Test" time="106.708" tests="1" failures="0" errors="0">
   <testsuite name="Footer_Test" tests="1" failures="0" errors="0" time="106.708" skipped="0" timestamp="25-01-2024T22:03:58" hostname="Win11 - Arnab-er" id="Test Suites/Footer_Test">
      <properties>
         <property name="deviceName" value=""/>
         <property name="devicePlatform" value=""/>
         <property name="logFolder" value="C:\\Users\\Win11\\git\\katalon_amazon_testing\\Reports\\20240125_220353\\Footer_Test\\20240125_220353"/>
         <property name="logFiles" value="C:\\Users\\Win11\\git\\katalon_amazon_testing\\Reports\\20240125_220353\\Footer_Test\\20240125_220353\\execution0.log"/>
         <property name="attachments" value="C:\\Users\\Win11\\git\\katalon_amazon_testing\\Reports\\20240125_220353\\Footer_Test\\20240125_220353\\1706200488623.png"/>
         <property name="hostName" value="Win11 - Arnab-er"/>
         <property name="os" value="Windows 11 64bit"/>
         <property name="katalonVersion" value="9.1.0.212"/>
         <property name="browser" value="Chrome 120.0.0.0"/>
         <property name="hostAddress" value="192.168.12.7"/>
         <property name="sessionId" value="1a051e16da47210c97cfa13a4c678dc7"/>
         <property name="seleniumVersion" value="3.141.59"/>
         <property name="proxyInformation" value="ProxyInformation { proxyOption=NO_PROXY, proxyServerType=HTTP, username=, password=********, proxyServerAddress=, proxyServerPort=0, executionList=&quot;&quot;, isApplyToDesiredCapabilities=true }"/>
         <property name="platform" value="Windows 11"/>
      </properties>
      <testcase name="Test Cases/TC_Amazon_Home_009" time="55.941" classname="Test Cases/TC_Amazon_Home_009" status="PASSED">
         <system-out><![CDATA[25-01-2024T22:04:48 - [TEST_CASE][PASSED] - Test Cases/TC_Amazon_Home_009: Test Cases/TC_Amazon_Home_009

25-01-2024T22:04:48 - [TEST_STEP][PASSED] - openBrowser(""): Browser is opened with url: ''

25-01-2024T22:04:48 - [MESSAGE][WARNING] - A browser is already opened. Closing browser and opening a new one

25-01-2024T22:04:49 - [MESSAGE][INFO] - Starting 'Chrome' driver

25-01-2024T22:04:49 - [MESSAGE][INFO] - Action delay is set to 0 milliseconds

25-01-2024T22:04:49 - [MESSAGE][PASSED] - Browser is opened with url: ''

25-01-2024T22:04:49 - [TEST_STEP][PASSED] - navigateToUrl("https://www.amazon.in/"): Navigate to 'https://www.amazon.in/' successfully

25-01-2024T22:04:53 - [MESSAGE][PASSED] - Navigate to 'https://www.amazon.in/' successfully

25-01-2024T22:04:53 - [TEST_STEP][PASSED] - click(findTestObject("Object Repository/Footer_links/Page_Online Shopping site in India Shop Onl_10c5f3/span_Sign in")): Object: 'Object Repository/Footer_links/Page_Online Shopping site in India Shop Onl_10c5f3/span_Sign in' is clicked on

25-01-2024T22:04:57 - [MESSAGE][PASSED] - Object: 'Object Repository/Footer_links/Page_Online Shopping site in India Shop Onl_10c5f3/span_Sign in' is clicked on

25-01-2024T22:04:57 - [TEST_STEP][PASSED] - setText(findTestObject("Object Repository/Footer_links/Page_Amazon Sign In/input_email"), "9798810632"): Text '9798810632' is set on object 'Object Repository/Footer_links/Page_Amazon Sign In/input_email'

25-01-2024T22:04:59 - [MESSAGE][PASSED] - Text '9798810632' is set on object 'Object Repository/Footer_links/Page_Amazon Sign In/input_email'

25-01-2024T22:04:59 - [TEST_STEP][PASSED] - click(findTestObject("Object Repository/Footer_links/Page_Amazon Sign In/inputcontinue")): Object: 'Object Repository/Footer_links/Page_Amazon Sign In/inputcontinue' is clicked on

25-01-2024T22:05:01 - [MESSAGE][PASSED] - Object: 'Object Repository/Footer_links/Page_Amazon Sign In/inputcontinue' is clicked on

25-01-2024T22:05:01 - [TEST_STEP][PASSED] - setEncryptedText(findTestObject("Object Repository/Footer_links/Page_Amazon Sign In/input_password"), "9N/NeoNUwAmOpqY2L/5HEg=="): Text ****** has been set on object 'Object Repository/Footer_links/Page_Amazon Sign In/input_password'

25-01-2024T22:05:01 - [MESSAGE][PASSED] - Text ****** has been set on object 'Object Repository/Footer_links/Page_Amazon Sign In/input_password'

25-01-2024T22:05:01 - [TEST_STEP][PASSED] - click(findTestObject("Object Repository/Footer_links/Page_Amazon Sign In/inputsignInSubmit")): Object: 'Object Repository/Footer_links/Page_Amazon Sign In/inputsignInSubmit' is clicked on

25-01-2024T22:05:02 - [MESSAGE][PASSED] - Object: 'Object Repository/Footer_links/Page_Amazon Sign In/inputsignInSubmit' is clicked on

25-01-2024T22:05:02 - [TEST_STEP][PASSED] - click(findTestObject("Object Repository/Footer_links/Page_Online Shopping site in India Shop Onl_10c5f3/div_Get to Know Us")): Object: 'Object Repository/Footer_links/Page_Online Shopping site in India Shop Onl_10c5f3/div_Get to Know Us' is clicked on

25-01-2024T22:05:28 - [MESSAGE][PASSED] - Object: 'Object Repository/Footer_links/Page_Online Shopping site in India Shop Onl_10c5f3/div_Get to Know Us' is clicked on

25-01-2024T22:05:28 - [TEST_STEP][PASSED] - click(findTestObject("Object Repository/Footer_links/Page_Online Shopping site in India Shop Onl_10c5f3/div_Connect with Us                        _36d1e9")): Object: 'Object Repository/Footer_links/Page_Online Shopping site in India Shop Onl_10c5f3/div_Connect with Us                        _36d1e9' is clicked on

25-01-2024T22:05:32 - [MESSAGE][PASSED] - Object: 'Object Repository/Footer_links/Page_Online Shopping site in India Shop Onl_10c5f3/div_Connect with Us                        _36d1e9' is clicked on

25-01-2024T22:05:32 - [TEST_STEP][PASSED] - click(findTestObject("Object Repository/Footer_links/Page_Online Shopping site in India Shop Onl_10c5f3/div_Make Money with Us")): Object: 'Object Repository/Footer_links/Page_Online Shopping site in India Shop Onl_10c5f3/div_Make Money with Us' is clicked on

25-01-2024T22:05:32 - [MESSAGE][PASSED] - Object: 'Object Repository/Footer_links/Page_Online Shopping site in India Shop Onl_10c5f3/div_Make Money with Us' is clicked on

25-01-2024T22:05:32 - [TEST_STEP][PASSED] - click(findTestObject("Object Repository/Footer_links/Page_Online Shopping site in India Shop Onl_10c5f3/div_Let Us Help You")): Object: 'Object Repository/Footer_links/Page_Online Shopping site in India Shop Onl_10c5f3/div_Let Us Help You' is clicked on

25-01-2024T22:05:33 - [MESSAGE][PASSED] - Object: 'Object Repository/Footer_links/Page_Online Shopping site in India Shop Onl_10c5f3/div_Let Us Help You' is clicked on

25-01-2024T22:05:33 - [TEST_STEP][PASSED] - click(findTestObject("Object Repository/Footer_links/Page_Online Shopping site in India Shop Onl_10c5f3/div_nav-logo-base nav-sprite")): Object: 'Object Repository/Footer_links/Page_Online Shopping site in India Shop Onl_10c5f3/div_nav-logo-base nav-sprite' is clicked on

25-01-2024T22:05:43 - [MESSAGE][PASSED] - Object: 'Object Repository/Footer_links/Page_Online Shopping site in India Shop Onl_10c5f3/div_nav-logo-base nav-sprite' is clicked on

25-01-2024T22:05:43 - [TEST_STEP][PASSED] - click(findTestObject("Object Repository/Footer_links/Page_Online Shopping site in India Shop Onl_10c5f3/span_Back to top")): Object: 'Object Repository/Footer_links/Page_Online Shopping site in India Shop Onl_10c5f3/span_Back to top' is clicked on

25-01-2024T22:05:44 - [MESSAGE][PASSED] - Object: 'Object Repository/Footer_links/Page_Online Shopping site in India Shop Onl_10c5f3/span_Back to top' is clicked on

25-01-2024T22:05:44 - [TEST_STEP][PASSED] - closeBrowser(): Browser is closed

25-01-2024T22:05:44 - [MESSAGE][PASSED] - Browser is closed]]></system-out>
         <system-err><![CDATA[]]></system-err>
      </testcase>
      <system-out><![CDATA[25-01-2024T22:03:58 - [TEST_SUITE][FAILED] - Footer_Test: Test Cases/TC_Amazon_Home_009 FAILED.
Reason:
com.kms.katalon.core.exception.StepFailedException: Unable to click on object 'Object Repository/Footer_links/Page_Online Shopping site in India Shop Onl_10c5f3/div_Get to Know Us'
	at com.kms.katalon.core.webui.keyword.internal.WebUIKeywordMain.stepFailed(WebUIKeywordMain.groovy:64)
	at com.kms.katalon.core.webui.keyword.internal.WebUIKeywordMain.runKeyword(WebUIKeywordMain.groovy:26)
	at com.kms.katalon.core.webui.keyword.builtin.ClickKeyword.click(ClickKeyword.groovy:74)
	at com.kms.katalon.core.webui.keyword.builtin.ClickKeyword.execute(ClickKeyword.groovy:40)
	at com.kms.katalon.core.keyword.internal.KeywordExecutor.executeKeywordForPlatform(KeywordExecutor.groovy:74)
	at com.kms.katalon.core.webui.keyword.WebUiBuiltInKeywords.click(WebUiBuiltInKeywords.groovy:659)
	at TC_Amazon_Home_009.run(TC_Amazon_Home_009:34)
	at com.kms.katalon.core.main.ScriptEngine.run(ScriptEngine.java:194)
	at com.kms.katalon.core.main.ScriptEngine.runScriptAsRawText(ScriptEngine.java:119)
	at com.kms.katalon.core.main.TestCaseExecutor.runScript(TestCaseExecutor.java:448)
	at com.kms.katalon.core.main.TestCaseExecutor.doExecute(TestCaseExecutor.java:439)
	at com.kms.katalon.core.main.TestCaseExecutor.processExecutionPhase(TestCaseExecutor.java:418)
	at com.kms.katalon.core.main.TestCaseExecutor.accessMainPhase(TestCaseExecutor.java:410)
	at com.kms.katalon.core.main.TestCaseExecutor.execute(TestCaseExecutor.java:285)
	at com.kms.katalon.core.common.CommonExecutor.accessTestCaseMainPhase(CommonExecutor.java:65)
	at com.kms.katalon.core.main.TestSuiteExecutor.accessTestSuiteMainPhase(TestSuiteExecutor.java:148)
	at com.kms.katalon.core.main.TestSuiteExecutor.execute(TestSuiteExecutor.java:106)
	at com.kms.katalon.core.main.TestCaseMain.startTestSuite(TestCaseMain.java:180)
	at TempTestSuite1706200433419.run(TempTestSuite1706200433419.groovy:36)
	at java.base/jdk.internal.reflect.NativeMethodAccessorImpl.invoke0(Native Method)
	at java.base/jdk.internal.reflect.NativeMethodAccessorImpl.invoke(NativeMethodAccessorImpl.java:77)
	at java.base/jdk.internal.reflect.DelegatingMethodAccessorImpl.invoke(DelegatingMethodAccessorImpl.java:43)
Caused by: com.kms.katalon.core.webui.exception.WebElementNotFoundException: Web element with id: 'Object Repository/Footer_links/Page_Online Shopping site in India Shop Onl_10c5f3/div_Get to Know Us' located by '//div[@id='navFooter']/div/div/div/div' not found
	at com.kms.katalon.core.webui.common.WebUiCommonHelper.findWebElement(WebUiCommonHelper.java:1379)
	at com.kms.katalon.core.webui.keyword.internal.WebUIAbstractKeyword.findWebElement(WebUIAbstractKeyword.groovy:27)
	at com.kms.katalon.core.webui.keyword.builtin.ClickKeyword$_click_closure1.doCall(ClickKeyword.groovy:65)
	at com.kms.katalon.core.webui.keyword.builtin.ClickKeyword$_click_closure1.call(ClickKeyword.groovy)
	at com.kms.katalon.core.webui.keyword.internal.WebUIKeywordMain.runKeyword(WebUIKeywordMain.groovy:20)
	... 20 more]]></system-out>
      <system-err><![CDATA[25-01-2024T22:03:58 - [TEST_SUITE][FAILED] - Footer_Test: Test Cases/TC_Amazon_Home_009 FAILED.
Reason:
com.kms.katalon.core.exception.StepFailedException: Unable to click on object 'Object Repository/Footer_links/Page_Online Shopping site in India Shop Onl_10c5f3/div_Get to Know Us'
	at com.kms.katalon.core.webui.keyword.internal.WebUIKeywordMain.stepFailed(WebUIKeywordMain.groovy:64)
	at com.kms.katalon.core.webui.keyword.internal.WebUIKeywordMain.runKeyword(WebUIKeywordMain.groovy:26)
	at com.kms.katalon.core.webui.keyword.builtin.ClickKeyword.click(ClickKeyword.groovy:74)
	at com.kms.katalon.core.webui.keyword.builtin.ClickKeyword.execute(ClickKeyword.groovy:40)
	at com.kms.katalon.core.keyword.internal.KeywordExecutor.executeKeywordForPlatform(KeywordExecutor.groovy:74)
	at com.kms.katalon.core.webui.keyword.WebUiBuiltInKeywords.click(WebUiBuiltInKeywords.groovy:659)
	at TC_Amazon_Home_009.run(TC_Amazon_Home_009:34)
	at com.kms.katalon.core.main.ScriptEngine.run(ScriptEngine.java:194)
	at com.kms.katalon.core.main.ScriptEngine.runScriptAsRawText(ScriptEngine.java:119)
	at com.kms.katalon.core.main.TestCaseExecutor.runScript(TestCaseExecutor.java:448)
	at com.kms.katalon.core.main.TestCaseExecutor.doExecute(TestCaseExecutor.java:439)
	at com.kms.katalon.core.main.TestCaseExecutor.processExecutionPhase(TestCaseExecutor.java:418)
	at com.kms.katalon.core.main.TestCaseExecutor.accessMainPhase(TestCaseExecutor.java:410)
	at com.kms.katalon.core.main.TestCaseExecutor.execute(TestCaseExecutor.java:285)
	at com.kms.katalon.core.common.CommonExecutor.accessTestCaseMainPhase(CommonExecutor.java:65)
	at com.kms.katalon.core.main.TestSuiteExecutor.accessTestSuiteMainPhase(TestSuiteExecutor.java:148)
	at com.kms.katalon.core.main.TestSuiteExecutor.execute(TestSuiteExecutor.java:106)
	at com.kms.katalon.core.main.TestCaseMain.startTestSuite(TestCaseMain.java:180)
	at TempTestSuite1706200433419.run(TempTestSuite1706200433419.groovy:36)
	at java.base/jdk.internal.reflect.NativeMethodAccessorImpl.invoke0(Native Method)
	at java.base/jdk.internal.reflect.NativeMethodAccessorImpl.invoke(NativeMethodAccessorImpl.java:77)
	at java.base/jdk.internal.reflect.DelegatingMethodAccessorImpl.invoke(DelegatingMethodAccessorImpl.java:43)
Caused by: com.kms.katalon.core.webui.exception.WebElementNotFoundException: Web element with id: 'Object Repository/Footer_links/Page_Online Shopping site in India Shop Onl_10c5f3/div_Get to Know Us' located by '//div[@id='navFooter']/div/div/div/div' not found
	at com.kms.katalon.core.webui.common.WebUiCommonHelper.findWebElement(WebUiCommonHelper.java:1379)
	at com.kms.katalon.core.webui.keyword.internal.WebUIAbstractKeyword.findWebElement(WebUIAbstractKeyword.groovy:27)
	at com.kms.katalon.core.webui.keyword.builtin.ClickKeyword$_click_closure1.doCall(ClickKeyword.groovy:65)
	at com.kms.katalon.core.webui.keyword.builtin.ClickKeyword$_click_closure1.call(ClickKeyword.groovy)
	at com.kms.katalon.core.webui.keyword.internal.WebUIKeywordMain.runKeyword(WebUIKeywordMain.groovy:20)
	... 20 more]]></system-err>
   </testsuite>
</testsuites>
